{"C:\\works\\ReactJS--tutorial-app\\src\\actions\\expenses.js": {"path":"C:\\works\\ReactJS--tutorial-app\\src\\actions\\expenses.js","statementMap":{"0":{"start":{"line":3,"column":26},"end":{"line":19,"column":2}},"1":{"start":{"line":10,"column":6},"end":{"line":19,"column":1}},"2":{"start":{"line":21,"column":29},"end":{"line":24,"column":2}},"3":{"start":{"line":21,"column":45},"end":{"line":24,"column":1}},"4":{"start":{"line":26,"column":27},"end":{"line":30,"column":2}},"5":{"start":{"line":26,"column":45},"end":{"line":30,"column":1}}},"fnMap":{"0":{"name":"(anonymous_0)","decl":{"start":{"line":3,"column":26},"end":{"line":3,"column":27}},"loc":{"start":{"line":10,"column":6},"end":{"line":19,"column":1}},"line":10},"1":{"name":"(anonymous_1)","decl":{"start":{"line":21,"column":29},"end":{"line":21,"column":30}},"loc":{"start":{"line":21,"column":45},"end":{"line":24,"column":1}},"line":21},"2":{"name":"(anonymous_2)","decl":{"start":{"line":26,"column":27},"end":{"line":26,"column":28}},"loc":{"start":{"line":26,"column":45},"end":{"line":30,"column":1}},"line":26}},"branchMap":{"0":{"loc":{"start":{"line":4,"column":4},"end":{"line":9,"column":10}},"type":"default-arg","locations":[{"start":{"line":9,"column":8},"end":{"line":9,"column":10}}],"line":4},"1":{"loc":{"start":{"line":5,"column":8},"end":{"line":5,"column":24}},"type":"default-arg","locations":[{"start":{"line":5,"column":22},"end":{"line":5,"column":24}}],"line":5},"2":{"loc":{"start":{"line":6,"column":8},"end":{"line":6,"column":17}},"type":"default-arg","locations":[{"start":{"line":6,"column":15},"end":{"line":6,"column":17}}],"line":6},"3":{"loc":{"start":{"line":7,"column":8},"end":{"line":7,"column":18}},"type":"default-arg","locations":[{"start":{"line":7,"column":17},"end":{"line":7,"column":18}}],"line":7},"4":{"loc":{"start":{"line":8,"column":8},"end":{"line":8,"column":21}},"type":"default-arg","locations":[{"start":{"line":8,"column":20},"end":{"line":8,"column":21}}],"line":8},"5":{"loc":{"start":{"line":21,"column":30},"end":{"line":21,"column":39}},"type":"default-arg","locations":[{"start":{"line":21,"column":37},"end":{"line":21,"column":39}}],"line":21}},"s":{"0":3,"1":2,"2":3,"3":1,"4":3,"5":1},"f":{"0":2,"1":1,"2":1},"b":{"0":[1],"1":[1],"2":[1],"3":[1],"4":[1],"5":[0]},"_coverageSchema":"332fd63041d2c1bcb487cc26dd0d5f7d97098a6c","hash":"ba8a4831f1a02c42496aa42f5c164e567f1a30a4"}
,"C:\\works\\ReactJS--tutorial-app\\src\\actions\\filters.js": {"path":"C:\\works\\ReactJS--tutorial-app\\src\\actions\\filters.js","statementMap":{"0":{"start":{"line":1,"column":29},"end":{"line":4,"column":2}},"1":{"start":{"line":1,"column":45},"end":{"line":4,"column":1}},"2":{"start":{"line":6,"column":26},"end":{"line":8,"column":2}},"3":{"start":{"line":6,"column":33},"end":{"line":8,"column":1}},"4":{"start":{"line":10,"column":28},"end":{"line":12,"column":2}},"5":{"start":{"line":10,"column":35},"end":{"line":12,"column":1}},"6":{"start":{"line":14,"column":28},"end":{"line":17,"column":2}},"7":{"start":{"line":14,"column":44},"end":{"line":17,"column":1}},"8":{"start":{"line":19,"column":26},"end":{"line":22,"column":2}},"9":{"start":{"line":19,"column":40},"end":{"line":22,"column":1}}},"fnMap":{"0":{"name":"(anonymous_0)","decl":{"start":{"line":1,"column":29},"end":{"line":1,"column":30}},"loc":{"start":{"line":1,"column":45},"end":{"line":4,"column":1}},"line":1},"1":{"name":"(anonymous_1)","decl":{"start":{"line":6,"column":26},"end":{"line":6,"column":27}},"loc":{"start":{"line":6,"column":33},"end":{"line":8,"column":1}},"line":6},"2":{"name":"(anonymous_2)","decl":{"start":{"line":10,"column":28},"end":{"line":10,"column":29}},"loc":{"start":{"line":10,"column":35},"end":{"line":12,"column":1}},"line":10},"3":{"name":"(anonymous_3)","decl":{"start":{"line":14,"column":28},"end":{"line":14,"column":29}},"loc":{"start":{"line":14,"column":44},"end":{"line":17,"column":1}},"line":14},"4":{"name":"(anonymous_4)","decl":{"start":{"line":19,"column":26},"end":{"line":19,"column":27}},"loc":{"start":{"line":19,"column":40},"end":{"line":22,"column":1}},"line":19}},"branchMap":{"0":{"loc":{"start":{"line":1,"column":30},"end":{"line":1,"column":39}},"type":"default-arg","locations":[{"start":{"line":1,"column":37},"end":{"line":1,"column":39}}],"line":1}},"s":{"0":3,"1":2,"2":3,"3":1,"4":3,"5":1,"6":3,"7":1,"8":3,"9":1},"f":{"0":2,"1":1,"2":1,"3":1,"4":1},"b":{"0":[1]},"_coverageSchema":"332fd63041d2c1bcb487cc26dd0d5f7d97098a6c","hash":"a4984f79086ee2fce30284f195db42476b5dcf99"}
,"C:\\works\\ReactJS--tutorial-app\\src\\component\\AddExpensePage.js": {"path":"C:\\works\\ReactJS--tutorial-app\\src\\component\\AddExpensePage.js","statementMap":{"0":{"start":{"line":8,"column":8},"end":{"line":8,"column":39}},"1":{"start":{"line":9,"column":8},"end":{"line":9,"column":37}},"2":{"start":{"line":12,"column":8},"end":{"line":17,"column":10}},"3":{"start":{"line":21,"column":27},"end":{"line":23,"column":2}},"4":{"start":{"line":21,"column":42},"end":{"line":23,"column":1}},"5":{"start":{"line":22,"column":29},"end":{"line":22,"column":58}}},"fnMap":{"0":{"name":"(anonymous_0)","decl":{"start":{"line":7,"column":15},"end":{"line":7,"column":16}},"loc":{"start":{"line":7,"column":28},"end":{"line":10,"column":5}},"line":7},"1":{"name":"(anonymous_1)","decl":{"start":{"line":11,"column":4},"end":{"line":11,"column":5}},"loc":{"start":{"line":11,"column":13},"end":{"line":18,"column":5}},"line":11},"2":{"name":"(anonymous_2)","decl":{"start":{"line":21,"column":27},"end":{"line":21,"column":28}},"loc":{"start":{"line":21,"column":42},"end":{"line":23,"column":1}},"line":21},"3":{"name":"(anonymous_3)","decl":{"start":{"line":22,"column":16},"end":{"line":22,"column":17}},"loc":{"start":{"line":22,"column":29},"end":{"line":22,"column":58}},"line":22}},"branchMap":{},"s":{"0":1,"1":1,"2":2,"3":1,"4":0,"5":0},"f":{"0":1,"1":2,"2":0,"3":0},"b":{},"_coverageSchema":"332fd63041d2c1bcb487cc26dd0d5f7d97098a6c","hash":"28813ce3110542b3787c2c05930695cf6fcad106"}
,"C:\\works\\ReactJS--tutorial-app\\src\\component\\EditExpensePage.js": {"path":"C:\\works\\ReactJS--tutorial-app\\src\\component\\EditExpensePage.js","statementMap":{"0":{"start":{"line":10,"column":8},"end":{"line":10,"column":63}},"1":{"start":{"line":11,"column":8},"end":{"line":11,"column":37}},"2":{"start":{"line":14,"column":8},"end":{"line":14,"column":62}},"3":{"start":{"line":15,"column":8},"end":{"line":15,"column":37}},"4":{"start":{"line":18,"column":8},"end":{"line":26,"column":10}},"5":{"start":{"line":32,"column":24},"end":{"line":34,"column":2}},"6":{"start":{"line":32,"column":43},"end":{"line":34,"column":1}},"7":{"start":{"line":33,"column":50},"end":{"line":33,"column":86}},"8":{"start":{"line":36,"column":27},"end":{"line":39,"column":2}},"9":{"start":{"line":36,"column":49},"end":{"line":39,"column":1}},"10":{"start":{"line":37,"column":34},"end":{"line":37,"column":68}},"11":{"start":{"line":38,"column":29},"end":{"line":38,"column":58}}},"fnMap":{"0":{"name":"(anonymous_0)","decl":{"start":{"line":8,"column":15},"end":{"line":8,"column":16}},"loc":{"start":{"line":8,"column":28},"end":{"line":12,"column":5}},"line":8},"1":{"name":"(anonymous_1)","decl":{"start":{"line":13,"column":15},"end":{"line":13,"column":16}},"loc":{"start":{"line":13,"column":21},"end":{"line":16,"column":5}},"line":13},"2":{"name":"(anonymous_2)","decl":{"start":{"line":17,"column":4},"end":{"line":17,"column":5}},"loc":{"start":{"line":17,"column":13},"end":{"line":27,"column":5}},"line":17},"3":{"name":"(anonymous_3)","decl":{"start":{"line":32,"column":24},"end":{"line":32,"column":25}},"loc":{"start":{"line":32,"column":43},"end":{"line":34,"column":1}},"line":32},"4":{"name":"(anonymous_4)","decl":{"start":{"line":33,"column":37},"end":{"line":33,"column":38}},"loc":{"start":{"line":33,"column":50},"end":{"line":33,"column":86}},"line":33},"5":{"name":"(anonymous_5)","decl":{"start":{"line":36,"column":27},"end":{"line":36,"column":28}},"loc":{"start":{"line":36,"column":49},"end":{"line":39,"column":1}},"line":36},"6":{"name":"(anonymous_6)","decl":{"start":{"line":37,"column":17},"end":{"line":37,"column":18}},"loc":{"start":{"line":37,"column":34},"end":{"line":37,"column":68}},"line":37},"7":{"name":"(anonymous_7)","decl":{"start":{"line":38,"column":19},"end":{"line":38,"column":20}},"loc":{"start":{"line":38,"column":29},"end":{"line":38,"column":58}},"line":38}},"branchMap":{},"s":{"0":1,"1":1,"2":1,"3":1,"4":3,"5":1,"6":0,"7":0,"8":1,"9":0,"10":0,"11":0},"f":{"0":1,"1":1,"2":3,"3":0,"4":0,"5":0,"6":0,"7":0},"b":{},"_coverageSchema":"332fd63041d2c1bcb487cc26dd0d5f7d97098a6c","hash":"b25d1011fa1586b79491b3aec25af7ca01485344"}
,"C:\\works\\ReactJS--tutorial-app\\src\\component\\ExpenseDashboardPage.js": {"path":"C:\\works\\ReactJS--tutorial-app\\src\\component\\ExpenseDashboardPage.js","statementMap":{"0":{"start":{"line":5,"column":29},"end":{"line":10,"column":1}},"1":{"start":{"line":6,"column":4},"end":{"line":9,"column":10}}},"fnMap":{"0":{"name":"(anonymous_0)","decl":{"start":{"line":5,"column":29},"end":{"line":5,"column":30}},"loc":{"start":{"line":6,"column":4},"end":{"line":9,"column":10}},"line":6}},"branchMap":{},"s":{"0":1,"1":1},"f":{"0":1},"b":{},"_coverageSchema":"332fd63041d2c1bcb487cc26dd0d5f7d97098a6c","hash":"3a79f56729e43e0bb9182c83b2f2c916038d1947"}
,"C:\\works\\ReactJS--tutorial-app\\src\\component\\ExpenseForm.js": {"path":"C:\\works\\ReactJS--tutorial-app\\src\\component\\ExpenseForm.js","statementMap":{"0":{"start":{"line":5,"column":12},"end":{"line":5,"column":20}},"1":{"start":{"line":10,"column":8},"end":{"line":10,"column":22}},"2":{"start":{"line":12,"column":8},"end":{"line":19,"column":9}},"3":{"start":{"line":22,"column":28},"end":{"line":22,"column":42}},"4":{"start":{"line":23,"column":8},"end":{"line":23,"column":47}},"5":{"start":{"line":23,"column":29},"end":{"line":23,"column":44}},"6":{"start":{"line":26,"column":21},"end":{"line":26,"column":35}},"7":{"start":{"line":27,"column":8},"end":{"line":27,"column":40}},"8":{"start":{"line":27,"column":29},"end":{"line":27,"column":37}},"9":{"start":{"line":30,"column":23},"end":{"line":30,"column":37}},"10":{"start":{"line":32,"column":8},"end":{"line":34,"column":9}},"11":{"start":{"line":33,"column":12},"end":{"line":33,"column":45}},"12":{"start":{"line":33,"column":33},"end":{"line":33,"column":43}},"13":{"start":{"line":37,"column":8},"end":{"line":39,"column":9}},"14":{"start":{"line":38,"column":12},"end":{"line":38,"column":49}},"15":{"start":{"line":38,"column":33},"end":{"line":38,"column":46}},"16":{"start":{"line":42,"column":8},"end":{"line":42,"column":60}},"17":{"start":{"line":42,"column":29},"end":{"line":42,"column":57}},"18":{"start":{"line":45,"column":8},"end":{"line":45,"column":27}},"19":{"start":{"line":47,"column":8},"end":{"line":58,"column":9}},"20":{"start":{"line":48,"column":12},"end":{"line":48,"column":86}},"21":{"start":{"line":48,"column":33},"end":{"line":48,"column":83}},"22":{"start":{"line":50,"column":12},"end":{"line":50,"column":48}},"23":{"start":{"line":50,"column":33},"end":{"line":50,"column":45}},"24":{"start":{"line":51,"column":12},"end":{"line":57,"column":15}},"25":{"start":{"line":61,"column":8},"end":{"line":95,"column":9}},"26":{"start":{"line":84,"column":49},"end":{"line":84,"column":54}}},"fnMap":{"0":{"name":"(anonymous_0)","decl":{"start":{"line":9,"column":4},"end":{"line":9,"column":5}},"loc":{"start":{"line":9,"column":24},"end":{"line":20,"column":5}},"line":9},"1":{"name":"(anonymous_1)","decl":{"start":{"line":21,"column":26},"end":{"line":21,"column":27}},"loc":{"start":{"line":21,"column":33},"end":{"line":24,"column":5}},"line":21},"2":{"name":"(anonymous_2)","decl":{"start":{"line":23,"column":22},"end":{"line":23,"column":23}},"loc":{"start":{"line":23,"column":29},"end":{"line":23,"column":44}},"line":23},"3":{"name":"(anonymous_3)","decl":{"start":{"line":25,"column":19},"end":{"line":25,"column":20}},"loc":{"start":{"line":25,"column":26},"end":{"line":28,"column":5}},"line":25},"4":{"name":"(anonymous_4)","decl":{"start":{"line":27,"column":22},"end":{"line":27,"column":23}},"loc":{"start":{"line":27,"column":29},"end":{"line":27,"column":37}},"line":27},"5":{"name":"(anonymous_5)","decl":{"start":{"line":29,"column":21},"end":{"line":29,"column":22}},"loc":{"start":{"line":29,"column":28},"end":{"line":35,"column":5}},"line":29},"6":{"name":"(anonymous_6)","decl":{"start":{"line":33,"column":26},"end":{"line":33,"column":27}},"loc":{"start":{"line":33,"column":33},"end":{"line":33,"column":43}},"line":33},"7":{"name":"(anonymous_7)","decl":{"start":{"line":36,"column":19},"end":{"line":36,"column":20}},"loc":{"start":{"line":36,"column":34},"end":{"line":40,"column":5}},"line":36},"8":{"name":"(anonymous_8)","decl":{"start":{"line":38,"column":26},"end":{"line":38,"column":27}},"loc":{"start":{"line":38,"column":33},"end":{"line":38,"column":46}},"line":38},"9":{"name":"(anonymous_9)","decl":{"start":{"line":41,"column":20},"end":{"line":41,"column":21}},"loc":{"start":{"line":41,"column":37},"end":{"line":43,"column":5}},"line":41},"10":{"name":"(anonymous_10)","decl":{"start":{"line":42,"column":22},"end":{"line":42,"column":23}},"loc":{"start":{"line":42,"column":29},"end":{"line":42,"column":57}},"line":42},"11":{"name":"(anonymous_11)","decl":{"start":{"line":44,"column":15},"end":{"line":44,"column":16}},"loc":{"start":{"line":44,"column":22},"end":{"line":59,"column":5}},"line":44},"12":{"name":"(anonymous_12)","decl":{"start":{"line":48,"column":26},"end":{"line":48,"column":27}},"loc":{"start":{"line":48,"column":33},"end":{"line":48,"column":83}},"line":48},"13":{"name":"(anonymous_13)","decl":{"start":{"line":50,"column":26},"end":{"line":50,"column":27}},"loc":{"start":{"line":50,"column":33},"end":{"line":50,"column":45}},"line":50},"14":{"name":"(anonymous_14)","decl":{"start":{"line":60,"column":4},"end":{"line":60,"column":5}},"loc":{"start":{"line":60,"column":14},"end":{"line":96,"column":5}},"line":60},"15":{"name":"(anonymous_15)","decl":{"start":{"line":84,"column":43},"end":{"line":84,"column":44}},"loc":{"start":{"line":84,"column":49},"end":{"line":84,"column":54}},"line":84}},"branchMap":{"0":{"loc":{"start":{"line":13,"column":25},"end":{"line":13,"column":71}},"type":"cond-expr","locations":[{"start":{"line":13,"column":41},"end":{"line":13,"column":66}},{"start":{"line":13,"column":69},"end":{"line":13,"column":71}}],"line":13},"1":{"loc":{"start":{"line":14,"column":18},"end":{"line":14,"column":57}},"type":"cond-expr","locations":[{"start":{"line":14,"column":34},"end":{"line":14,"column":52}},{"start":{"line":14,"column":55},"end":{"line":14,"column":57}}],"line":14},"2":{"loc":{"start":{"line":15,"column":20},"end":{"line":15,"column":80}},"type":"cond-expr","locations":[{"start":{"line":15,"column":36},"end":{"line":15,"column":75}},{"start":{"line":15,"column":78},"end":{"line":15,"column":80}}],"line":15},"3":{"loc":{"start":{"line":16,"column":23},"end":{"line":16,"column":81}},"type":"cond-expr","locations":[{"start":{"line":16,"column":39},"end":{"line":16,"column":70}},{"start":{"line":16,"column":73},"end":{"line":16,"column":81}}],"line":16},"4":{"loc":{"start":{"line":32,"column":8},"end":{"line":34,"column":9}},"type":"if","locations":[{"start":{"line":32,"column":8},"end":{"line":34,"column":9}},{"start":{"line":32,"column":8},"end":{"line":34,"column":9}}],"line":32},"5":{"loc":{"start":{"line":32,"column":12},"end":{"line":32,"column":59}},"type":"binary-expr","locations":[{"start":{"line":32,"column":12},"end":{"line":32,"column":19}},{"start":{"line":32,"column":23},"end":{"line":32,"column":59}}],"line":32},"6":{"loc":{"start":{"line":37,"column":8},"end":{"line":39,"column":9}},"type":"if","locations":[{"start":{"line":37,"column":8},"end":{"line":39,"column":9}},{"start":{"line":37,"column":8},"end":{"line":39,"column":9}}],"line":37},"7":{"loc":{"start":{"line":47,"column":8},"end":{"line":58,"column":9}},"type":"if","locations":[{"start":{"line":47,"column":8},"end":{"line":58,"column":9}},{"start":{"line":47,"column":8},"end":{"line":58,"column":9}}],"line":47},"8":{"loc":{"start":{"line":47,"column":11},"end":{"line":47,"column":56}},"type":"binary-expr","locations":[{"start":{"line":47,"column":11},"end":{"line":47,"column":34}},{"start":{"line":47,"column":38},"end":{"line":47,"column":56}}],"line":47},"9":{"loc":{"start":{"line":63,"column":17},"end":{"line":63,"column":62}},"type":"binary-expr","locations":[{"start":{"line":63,"column":17},"end":{"line":63,"column":33}},{"start":{"line":63,"column":37},"end":{"line":63,"column":62}}],"line":63}},"s":{"0":3,"1":10,"2":10,"3":1,"4":1,"5":1,"6":1,"7":1,"8":1,"9":2,"10":2,"11":1,"12":1,"13":1,"14":1,"15":1,"16":1,"17":1,"18":2,"19":2,"20":1,"21":1,"22":1,"23":1,"24":1,"25":17,"26":0},"f":{"0":10,"1":1,"2":1,"3":1,"4":1,"5":2,"6":1,"7":1,"8":1,"9":1,"10":1,"11":2,"12":1,"13":1,"14":17,"15":0},"b":{"0":[1,9],"1":[1,9],"2":[1,9],"3":[1,9],"4":[1,1],"5":[2,2],"6":[1,0],"7":[1,1],"8":[2,1],"9":[17,1]},"_coverageSchema":"332fd63041d2c1bcb487cc26dd0d5f7d97098a6c","hash":"f89ad36ddc8bc150e69caa7f6128cdb4c71798bf"}
,"C:\\works\\ReactJS--tutorial-app\\src\\component\\ExpenseList.js": {"path":"C:\\works\\ReactJS--tutorial-app\\src\\component\\ExpenseList.js","statementMap":{"0":{"start":{"line":8,"column":27},"end":{"line":21,"column":1}},"1":{"start":{"line":9,"column":4},"end":{"line":20,"column":10}},"2":{"start":{"line":16,"column":20},"end":{"line":16,"column":76}},"3":{"start":{"line":24,"column":24},"end":{"line":28,"column":1}},"4":{"start":{"line":25,"column":4},"end":{"line":27,"column":6}}},"fnMap":{"0":{"name":"(anonymous_0)","decl":{"start":{"line":8,"column":27},"end":{"line":8,"column":28}},"loc":{"start":{"line":9,"column":4},"end":{"line":20,"column":10}},"line":9},"1":{"name":"(anonymous_1)","decl":{"start":{"line":15,"column":35},"end":{"line":15,"column":36}},"loc":{"start":{"line":15,"column":48},"end":{"line":17,"column":17}},"line":15},"2":{"name":"(anonymous_2)","decl":{"start":{"line":24,"column":24},"end":{"line":24,"column":25}},"loc":{"start":{"line":24,"column":35},"end":{"line":28,"column":1}},"line":24}},"branchMap":{"0":{"loc":{"start":{"line":12,"column":11},"end":{"line":18,"column":13}},"type":"cond-expr","locations":[{"start":{"line":13,"column":15},"end":{"line":13,"column":33}},{"start":{"line":15,"column":16},"end":{"line":17,"column":18}}],"line":12}},"s":{"0":2,"1":2,"2":3,"3":2,"4":0},"f":{"0":2,"1":3,"2":0},"b":{"0":[1,1]},"_coverageSchema":"332fd63041d2c1bcb487cc26dd0d5f7d97098a6c","hash":"ab2cd99b0e8d4f7fa5808350b7f08b412427784d"}
,"C:\\works\\ReactJS--tutorial-app\\src\\component\\ExpenseListFilters.js": {"path":"C:\\works\\ReactJS--tutorial-app\\src\\component\\ExpenseListFilters.js","statementMap":{"0":{"start":{"line":11,"column":8},"end":{"line":11,"column":43}},"1":{"start":{"line":12,"column":8},"end":{"line":12,"column":39}},"2":{"start":{"line":15,"column":8},"end":{"line":15,"column":49}},"3":{"start":{"line":15,"column":29},"end":{"line":15,"column":46}},"4":{"start":{"line":19,"column":8},"end":{"line":19,"column":49}},"5":{"start":{"line":23,"column":8},"end":{"line":27,"column":9}},"6":{"start":{"line":24,"column":12},"end":{"line":24,"column":36}},"7":{"start":{"line":25,"column":15},"end":{"line":27,"column":9}},"8":{"start":{"line":26,"column":12},"end":{"line":26,"column":38}},"9":{"start":{"line":31,"column":8},"end":{"line":56,"column":9}},"10":{"start":{"line":53,"column":38},"end":{"line":53,"column":43}},"11":{"start":{"line":60,"column":24},"end":{"line":62,"column":2}},"12":{"start":{"line":60,"column":36},"end":{"line":62,"column":1}},"13":{"start":{"line":64,"column":27},"end":{"line":70,"column":2}},"14":{"start":{"line":64,"column":42},"end":{"line":70,"column":1}},"15":{"start":{"line":65,"column":29},"end":{"line":65,"column":58}},"16":{"start":{"line":66,"column":22},"end":{"line":66,"column":44}},"17":{"start":{"line":67,"column":24},"end":{"line":67,"column":48}},"18":{"start":{"line":68,"column":33},"end":{"line":68,"column":66}},"19":{"start":{"line":69,"column":29},"end":{"line":69,"column":58}}},"fnMap":{"0":{"name":"(anonymous_0)","decl":{"start":{"line":10,"column":20},"end":{"line":10,"column":21}},"loc":{"start":{"line":10,"column":48},"end":{"line":13,"column":5}},"line":10},"1":{"name":"(anonymous_1)","decl":{"start":{"line":14,"column":20},"end":{"line":14,"column":21}},"loc":{"start":{"line":14,"column":41},"end":{"line":16,"column":5}},"line":14},"2":{"name":"(anonymous_2)","decl":{"start":{"line":15,"column":22},"end":{"line":15,"column":23}},"loc":{"start":{"line":15,"column":29},"end":{"line":15,"column":46}},"line":15},"3":{"name":"(anonymous_3)","decl":{"start":{"line":18,"column":19},"end":{"line":18,"column":20}},"loc":{"start":{"line":18,"column":26},"end":{"line":20,"column":5}},"line":18},"4":{"name":"(anonymous_4)","decl":{"start":{"line":22,"column":19},"end":{"line":22,"column":20}},"loc":{"start":{"line":22,"column":26},"end":{"line":28,"column":5}},"line":22},"5":{"name":"(anonymous_5)","decl":{"start":{"line":30,"column":4},"end":{"line":30,"column":5}},"loc":{"start":{"line":30,"column":13},"end":{"line":57,"column":5}},"line":30},"6":{"name":"(anonymous_6)","decl":{"start":{"line":53,"column":32},"end":{"line":53,"column":33}},"loc":{"start":{"line":53,"column":38},"end":{"line":53,"column":43}},"line":53},"7":{"name":"(anonymous_7)","decl":{"start":{"line":60,"column":24},"end":{"line":60,"column":25}},"loc":{"start":{"line":60,"column":36},"end":{"line":62,"column":1}},"line":60},"8":{"name":"(anonymous_8)","decl":{"start":{"line":64,"column":27},"end":{"line":64,"column":28}},"loc":{"start":{"line":64,"column":42},"end":{"line":70,"column":1}},"line":64},"9":{"name":"(anonymous_9)","decl":{"start":{"line":65,"column":19},"end":{"line":65,"column":20}},"loc":{"start":{"line":65,"column":29},"end":{"line":65,"column":58}},"line":65},"10":{"name":"(anonymous_10)","decl":{"start":{"line":66,"column":16},"end":{"line":66,"column":17}},"loc":{"start":{"line":66,"column":22},"end":{"line":66,"column":44}},"line":66},"11":{"name":"(anonymous_11)","decl":{"start":{"line":67,"column":18},"end":{"line":67,"column":19}},"loc":{"start":{"line":67,"column":24},"end":{"line":67,"column":48}},"line":67},"12":{"name":"(anonymous_12)","decl":{"start":{"line":68,"column":18},"end":{"line":68,"column":19}},"loc":{"start":{"line":68,"column":33},"end":{"line":68,"column":66}},"line":68},"13":{"name":"(anonymous_13)","decl":{"start":{"line":69,"column":16},"end":{"line":69,"column":17}},"loc":{"start":{"line":69,"column":29},"end":{"line":69,"column":58}},"line":69}},"branchMap":{"0":{"loc":{"start":{"line":23,"column":8},"end":{"line":27,"column":9}},"type":"if","locations":[{"start":{"line":23,"column":8},"end":{"line":27,"column":9}},{"start":{"line":23,"column":8},"end":{"line":27,"column":9}}],"line":23},"1":{"loc":{"start":{"line":25,"column":15},"end":{"line":27,"column":9}},"type":"if","locations":[{"start":{"line":25,"column":15},"end":{"line":27,"column":9}},{"start":{"line":25,"column":15},"end":{"line":27,"column":9}}],"line":25}},"s":{"0":1,"1":1,"2":1,"3":1,"4":1,"5":2,"6":1,"7":1,"8":1,"9":10,"10":0,"11":2,"12":0,"13":2,"14":0,"15":0,"16":0,"17":0,"18":0,"19":0},"f":{"0":1,"1":1,"2":1,"3":1,"4":2,"5":10,"6":0,"7":0,"8":0,"9":0,"10":0,"11":0,"12":0,"13":0},"b":{"0":[1,1],"1":[1,0]},"_coverageSchema":"332fd63041d2c1bcb487cc26dd0d5f7d97098a6c","hash":"ffb634427aacb6c59200098f83f047d3fb704d8c"}
,"C:\\works\\ReactJS--tutorial-app\\src\\component\\ExpenseListItem.js": {"path":"C:\\works\\ReactJS--tutorial-app\\src\\component\\ExpenseListItem.js","statementMap":{"0":{"start":{"line":4,"column":31},"end":{"line":11,"column":1}},"1":{"start":{"line":5,"column":4},"end":{"line":10,"column":10}}},"fnMap":{"0":{"name":"(anonymous_0)","decl":{"start":{"line":4,"column":31},"end":{"line":4,"column":32}},"loc":{"start":{"line":5,"column":4},"end":{"line":10,"column":10}},"line":5}},"branchMap":{},"s":{"0":3,"1":1},"f":{"0":1},"b":{},"_coverageSchema":"332fd63041d2c1bcb487cc26dd0d5f7d97098a6c","hash":"80b4a2fc4eb53c10bc9eb3771a88b64be15fee64"}
,"C:\\works\\ReactJS--tutorial-app\\src\\component\\Header.js": {"path":"C:\\works\\ReactJS--tutorial-app\\src\\component\\Header.js","statementMap":{"0":{"start":{"line":4,"column":15},"end":{"line":10,"column":1}},"1":{"start":{"line":5,"column":4},"end":{"line":9,"column":13}}},"fnMap":{"0":{"name":"(anonymous_0)","decl":{"start":{"line":4,"column":15},"end":{"line":4,"column":16}},"loc":{"start":{"line":5,"column":4},"end":{"line":9,"column":13}},"line":5}},"branchMap":{},"s":{"0":1,"1":1},"f":{"0":1},"b":{},"_coverageSchema":"332fd63041d2c1bcb487cc26dd0d5f7d97098a6c","hash":"33e1123791df57ff0324039e57436a1d33a891c3"}
,"C:\\works\\ReactJS--tutorial-app\\src\\component\\NotFoundPage.js": {"path":"C:\\works\\ReactJS--tutorial-app\\src\\component\\NotFoundPage.js","statementMap":{"0":{"start":{"line":4,"column":21},"end":{"line":9,"column":1}},"1":{"start":{"line":5,"column":4},"end":{"line":8,"column":10}}},"fnMap":{"0":{"name":"(anonymous_0)","decl":{"start":{"line":4,"column":21},"end":{"line":4,"column":22}},"loc":{"start":{"line":5,"column":4},"end":{"line":8,"column":10}},"line":5}},"branchMap":{},"s":{"0":1,"1":1},"f":{"0":1},"b":{},"_coverageSchema":"332fd63041d2c1bcb487cc26dd0d5f7d97098a6c","hash":"70c2851e28f6fd7086e7937e5050ef07baddc48c"}
,"C:\\works\\ReactJS--tutorial-app\\src\\reducers\\expenses.js": {"path":"C:\\works\\ReactJS--tutorial-app\\src\\reducers\\expenses.js","statementMap":{"0":{"start":{"line":1,"column":36},"end":{"line":1,"column":38}},"1":{"start":{"line":4,"column":4},"end":{"line":25,"column":5}},"2":{"start":{"line":6,"column":11},"end":{"line":9,"column":13}},"3":{"start":{"line":11,"column":11},"end":{"line":11,"column":59}},"4":{"start":{"line":11,"column":41},"end":{"line":11,"column":57}},"5":{"start":{"line":13,"column":11},"end":{"line":22,"column":14}},"6":{"start":{"line":14,"column":15},"end":{"line":21,"column":16}},"7":{"start":{"line":15,"column":19},"end":{"line":18,"column":21}},"8":{"start":{"line":20,"column":19},"end":{"line":20,"column":34}},"9":{"start":{"line":24,"column":11},"end":{"line":24,"column":24}}},"fnMap":{"0":{"name":"(anonymous_0)","decl":{"start":{"line":3,"column":15},"end":{"line":3,"column":16}},"loc":{"start":{"line":3,"column":64},"end":{"line":26,"column":1}},"line":3},"1":{"name":"(anonymous_1)","decl":{"start":{"line":11,"column":31},"end":{"line":11,"column":32}},"loc":{"start":{"line":11,"column":41},"end":{"line":11,"column":57}},"line":11},"2":{"name":"(anonymous_2)","decl":{"start":{"line":13,"column":28},"end":{"line":13,"column":29}},"loc":{"start":{"line":13,"column":41},"end":{"line":22,"column":12}},"line":13}},"branchMap":{"0":{"loc":{"start":{"line":3,"column":16},"end":{"line":3,"column":51}},"type":"default-arg","locations":[{"start":{"line":3,"column":24},"end":{"line":3,"column":51}}],"line":3},"1":{"loc":{"start":{"line":4,"column":4},"end":{"line":25,"column":5}},"type":"switch","locations":[{"start":{"line":5,"column":8},"end":{"line":9,"column":13}},{"start":{"line":10,"column":8},"end":{"line":11,"column":59}},{"start":{"line":12,"column":8},"end":{"line":22,"column":14}},{"start":{"line":23,"column":8},"end":{"line":24,"column":24}}],"line":4},"2":{"loc":{"start":{"line":14,"column":15},"end":{"line":21,"column":16}},"type":"if","locations":[{"start":{"line":14,"column":15},"end":{"line":21,"column":16}},{"start":{"line":14,"column":15},"end":{"line":21,"column":16}}],"line":14}},"s":{"0":1,"1":6,"2":1,"3":2,"4":6,"5":2,"6":6,"7":1,"8":5,"9":1},"f":{"0":6,"1":6,"2":6},"b":{"0":[1],"1":[1,2,2,1],"2":[1,5]},"_coverageSchema":"332fd63041d2c1bcb487cc26dd0d5f7d97098a6c","hash":"ababb68d307d85bc8d688779852c0c4f88310832"}
,"C:\\works\\ReactJS--tutorial-app\\src\\reducers\\filters.js": {"path":"C:\\works\\ReactJS--tutorial-app\\src\\reducers\\filters.js","statementMap":{"0":{"start":{"line":3,"column":34},"end":{"line":8,"column":1}},"1":{"start":{"line":11,"column":4},"end":{"line":39,"column":5}},"2":{"start":{"line":13,"column":12},"end":{"line":16,"column":14}},"3":{"start":{"line":18,"column":12},"end":{"line":21,"column":14}},"4":{"start":{"line":23,"column":12},"end":{"line":26,"column":14}},"5":{"start":{"line":28,"column":12},"end":{"line":31,"column":14}},"6":{"start":{"line":33,"column":12},"end":{"line":36,"column":14}},"7":{"start":{"line":38,"column":12},"end":{"line":38,"column":25}}},"fnMap":{"0":{"name":"(anonymous_0)","decl":{"start":{"line":10,"column":15},"end":{"line":10,"column":16}},"loc":{"start":{"line":10,"column":62},"end":{"line":40,"column":1}},"line":10}},"branchMap":{"0":{"loc":{"start":{"line":10,"column":16},"end":{"line":10,"column":49}},"type":"default-arg","locations":[{"start":{"line":10,"column":24},"end":{"line":10,"column":49}}],"line":10},"1":{"loc":{"start":{"line":11,"column":4},"end":{"line":39,"column":5}},"type":"switch","locations":[{"start":{"line":12,"column":8},"end":{"line":16,"column":14}},{"start":{"line":17,"column":8},"end":{"line":21,"column":14}},{"start":{"line":22,"column":8},"end":{"line":26,"column":14}},{"start":{"line":27,"column":8},"end":{"line":31,"column":14}},{"start":{"line":32,"column":8},"end":{"line":36,"column":14}},{"start":{"line":37,"column":8},"end":{"line":38,"column":25}}],"line":11}},"s":{"0":1,"1":6,"2":1,"3":1,"4":1,"5":1,"6":1,"7":1},"f":{"0":6},"b":{"0":[5],"1":[1,1,1,1,1,1]},"_coverageSchema":"332fd63041d2c1bcb487cc26dd0d5f7d97098a6c","hash":"188861e8db598334ea5184c33377a90c599a5fd5"}
,"C:\\works\\ReactJS--tutorial-app\\src\\selectors\\expenses.js": {"path":"C:\\works\\ReactJS--tutorial-app\\src\\selectors\\expenses.js","statementMap":{"0":{"start":{"line":4,"column":4},"end":{"line":17,"column":7}},"1":{"start":{"line":5,"column":32},"end":{"line":5,"column":57}},"2":{"start":{"line":6,"column":31},"end":{"line":6,"column":98}},"3":{"start":{"line":7,"column":29},"end":{"line":7,"column":91}},"4":{"start":{"line":8,"column":26},"end":{"line":8,"column":88}},"5":{"start":{"line":10,"column":8},"end":{"line":10,"column":59}},"6":{"start":{"line":12,"column":8},"end":{"line":16,"column":9}},"7":{"start":{"line":13,"column":12},"end":{"line":13,"column":54}},"8":{"start":{"line":14,"column":15},"end":{"line":16,"column":9}},"9":{"start":{"line":15,"column":12},"end":{"line":15,"column":48}}},"fnMap":{"0":{"name":"(anonymous_0)","decl":{"start":{"line":3,"column":15},"end":{"line":3,"column":16}},"loc":{"start":{"line":3,"column":67},"end":{"line":18,"column":1}},"line":3},"1":{"name":"(anonymous_1)","decl":{"start":{"line":4,"column":27},"end":{"line":4,"column":28}},"loc":{"start":{"line":4,"column":40},"end":{"line":11,"column":5}},"line":4},"2":{"name":"(anonymous_2)","decl":{"start":{"line":11,"column":12},"end":{"line":11,"column":13}},"loc":{"start":{"line":11,"column":22},"end":{"line":17,"column":5}},"line":11}},"branchMap":{"0":{"loc":{"start":{"line":6,"column":31},"end":{"line":6,"column":98}},"type":"cond-expr","locations":[{"start":{"line":6,"column":43},"end":{"line":6,"column":91}},{"start":{"line":6,"column":94},"end":{"line":6,"column":98}}],"line":6},"1":{"loc":{"start":{"line":7,"column":29},"end":{"line":7,"column":91}},"type":"cond-expr","locations":[{"start":{"line":7,"column":39},"end":{"line":7,"column":84}},{"start":{"line":7,"column":87},"end":{"line":7,"column":91}}],"line":7},"2":{"loc":{"start":{"line":10,"column":15},"end":{"line":10,"column":58}},"type":"binary-expr","locations":[{"start":{"line":10,"column":15},"end":{"line":10,"column":29}},{"start":{"line":10,"column":33},"end":{"line":10,"column":45}},{"start":{"line":10,"column":49},"end":{"line":10,"column":58}}],"line":10},"3":{"loc":{"start":{"line":12,"column":8},"end":{"line":16,"column":9}},"type":"if","locations":[{"start":{"line":12,"column":8},"end":{"line":16,"column":9}},{"start":{"line":12,"column":8},"end":{"line":16,"column":9}}],"line":12},"4":{"loc":{"start":{"line":13,"column":19},"end":{"line":13,"column":53}},"type":"cond-expr","locations":[{"start":{"line":13,"column":47},"end":{"line":13,"column":48}},{"start":{"line":13,"column":51},"end":{"line":13,"column":53}}],"line":13},"5":{"loc":{"start":{"line":14,"column":15},"end":{"line":16,"column":9}},"type":"if","locations":[{"start":{"line":14,"column":15},"end":{"line":16,"column":9}},{"start":{"line":14,"column":15},"end":{"line":16,"column":9}}],"line":14},"6":{"loc":{"start":{"line":15,"column":19},"end":{"line":15,"column":47}},"type":"cond-expr","locations":[{"start":{"line":15,"column":41},"end":{"line":15,"column":42}},{"start":{"line":15,"column":45},"end":{"line":15,"column":47}}],"line":15}},"s":{"0":5,"1":15,"2":15,"3":15,"4":15,"5":15,"6":9,"7":6,"8":3,"9":3},"f":{"0":5,"1":15,"2":9},"b":{"0":[3,12],"1":[3,12],"2":[15,14,13],"3":[6,3],"4":[4,2],"5":[3,0],"6":[2,1]},"_coverageSchema":"332fd63041d2c1bcb487cc26dd0d5f7d97098a6c","hash":"74507cd7daa1382ff9d638ed6193202f91f9e364"}
,"C:\\works\\ReactJS--tutorial-app\\src\\tests\\setupTests.js": {"path":"C:\\works\\ReactJS--tutorial-app\\src\\tests\\setupTests.js","statementMap":{"0":{"start":{"line":8,"column":0},"end":{"line":10,"column":3}}},"fnMap":{},"branchMap":{},"s":{"0":15},"f":{},"b":{},"_coverageSchema":"332fd63041d2c1bcb487cc26dd0d5f7d97098a6c","hash":"a8002f12cdb6a1da468ed59d24c639c3e7bcc757"}
,"C:\\works\\ReactJS--tutorial-app\\src\\tests\\fixtures\\expenses.js": {"path":"C:\\works\\ReactJS--tutorial-app\\src\\tests\\fixtures\\expenses.js","statementMap":{},"fnMap":{},"branchMap":{},"s":{},"f":{},"b":{},"_coverageSchema":"332fd63041d2c1bcb487cc26dd0d5f7d97098a6c","hash":"9eb96a77c4a566d54b71da8d58036edb12f01749"}
,"C:\\works\\ReactJS--tutorial-app\\src\\tests\\fixtures\\filters.js": {"path":"C:\\works\\ReactJS--tutorial-app\\src\\tests\\fixtures\\filters.js","statementMap":{"0":{"start":{"line":3,"column":16},"end":{"line":8,"column":1}},"1":{"start":{"line":10,"column":19},"end":{"line":15,"column":1}}},"fnMap":{},"branchMap":{},"s":{"0":1,"1":1},"f":{},"b":{},"_coverageSchema":"332fd63041d2c1bcb487cc26dd0d5f7d97098a6c","hash":"9fbe7ecf150f28c910b998d04a8b83b7515503e2"}
}
