TN:
SF:C:\works\ReactJS--tutorial-app\src\actions\expenses.js
FN:3,(anonymous_0)
FN:21,(anonymous_1)
FN:26,(anonymous_2)
FNF:3
FNH:3
FNDA:2,(anonymous_0)
FNDA:1,(anonymous_1)
FNDA:1,(anonymous_2)
DA:3,3
DA:10,2
DA:21,3
DA:26,3
LF:4
LH:4
BRDA:4,0,0,1
BRDA:5,1,0,1
BRDA:6,2,0,1
BRDA:7,3,0,1
BRDA:8,4,0,1
BRDA:21,5,0,0
BRF:6
BRH:5
end_of_record
TN:
SF:C:\works\ReactJS--tutorial-app\src\actions\filters.js
FN:1,(anonymous_0)
FN:6,(anonymous_1)
FN:10,(anonymous_2)
FN:14,(anonymous_3)
FN:19,(anonymous_4)
FNF:5
FNH:5
FNDA:2,(anonymous_0)
FNDA:1,(anonymous_1)
FNDA:1,(anonymous_2)
FNDA:1,(anonymous_3)
FNDA:1,(anonymous_4)
DA:1,3
DA:6,3
DA:10,3
DA:14,3
DA:19,3
LF:5
LH:5
BRDA:1,0,0,1
BRF:1
BRH:1
end_of_record
TN:
SF:C:\works\ReactJS--tutorial-app\src\component\AddExpensePage.js
FN:7,(anonymous_0)
FN:11,(anonymous_1)
FN:21,(anonymous_2)
FN:22,(anonymous_3)
FNF:4
FNH:2
FNDA:1,(anonymous_0)
FNDA:2,(anonymous_1)
FNDA:0,(anonymous_2)
FNDA:0,(anonymous_3)
DA:8,1
DA:9,1
DA:12,2
DA:21,1
DA:22,0
LF:5
LH:4
BRF:0
BRH:0
end_of_record
TN:
SF:C:\works\ReactJS--tutorial-app\src\component\EditExpensePage.js
FN:8,(anonymous_0)
FN:13,(anonymous_1)
FN:17,(anonymous_2)
FN:32,(anonymous_3)
FN:33,(anonymous_4)
FN:36,(anonymous_5)
FN:37,(anonymous_6)
FN:38,(anonymous_7)
FNF:8
FNH:3
FNDA:1,(anonymous_0)
FNDA:1,(anonymous_1)
FNDA:3,(anonymous_2)
FNDA:0,(anonymous_3)
FNDA:0,(anonymous_4)
FNDA:0,(anonymous_5)
FNDA:0,(anonymous_6)
FNDA:0,(anonymous_7)
DA:10,1
DA:11,1
DA:14,1
DA:15,1
DA:18,3
DA:32,1
DA:33,0
DA:36,1
DA:37,0
DA:38,0
LF:10
LH:7
BRF:0
BRH:0
end_of_record
TN:
SF:C:\works\ReactJS--tutorial-app\src\component\ExpenseDashboardPage.js
FN:5,(anonymous_0)
FNF:1
FNH:1
FNDA:1,(anonymous_0)
DA:5,1
DA:6,1
LF:2
LH:2
BRF:0
BRH:0
end_of_record
TN:
SF:C:\works\ReactJS--tutorial-app\src\component\ExpenseForm.js
FN:9,(anonymous_0)
FN:21,(anonymous_1)
FN:23,(anonymous_2)
FN:25,(anonymous_3)
FN:27,(anonymous_4)
FN:29,(anonymous_5)
FN:33,(anonymous_6)
FN:36,(anonymous_7)
FN:38,(anonymous_8)
FN:41,(anonymous_9)
FN:42,(anonymous_10)
FN:44,(anonymous_11)
FN:48,(anonymous_12)
FN:50,(anonymous_13)
FN:60,(anonymous_14)
FN:84,(anonymous_15)
FNF:16
FNH:15
FNDA:10,(anonymous_0)
FNDA:1,(anonymous_1)
FNDA:1,(anonymous_2)
FNDA:1,(anonymous_3)
FNDA:1,(anonymous_4)
FNDA:2,(anonymous_5)
FNDA:1,(anonymous_6)
FNDA:1,(anonymous_7)
FNDA:1,(anonymous_8)
FNDA:1,(anonymous_9)
FNDA:1,(anonymous_10)
FNDA:2,(anonymous_11)
FNDA:1,(anonymous_12)
FNDA:1,(anonymous_13)
FNDA:17,(anonymous_14)
FNDA:0,(anonymous_15)
DA:5,3
DA:10,10
DA:12,10
DA:22,1
DA:23,1
DA:26,1
DA:27,1
DA:30,2
DA:32,2
DA:33,1
DA:37,1
DA:38,1
DA:42,1
DA:45,2
DA:47,2
DA:48,1
DA:50,1
DA:51,1
DA:61,17
DA:84,0
LF:20
LH:19
BRDA:13,0,0,1
BRDA:13,0,1,9
BRDA:14,1,0,1
BRDA:14,1,1,9
BRDA:15,2,0,1
BRDA:15,2,1,9
BRDA:16,3,0,1
BRDA:16,3,1,9
BRDA:32,4,0,1
BRDA:32,4,1,1
BRDA:32,5,0,2
BRDA:32,5,1,2
BRDA:37,6,0,1
BRDA:37,6,1,0
BRDA:47,7,0,1
BRDA:47,7,1,1
BRDA:47,8,0,2
BRDA:47,8,1,1
BRDA:63,9,0,17
BRDA:63,9,1,1
BRF:20
BRH:19
end_of_record
TN:
SF:C:\works\ReactJS--tutorial-app\src\component\ExpenseList.js
FN:8,(anonymous_0)
FN:15,(anonymous_1)
FN:24,(anonymous_2)
FNF:3
FNH:2
FNDA:2,(anonymous_0)
FNDA:3,(anonymous_1)
FNDA:0,(anonymous_2)
DA:8,2
DA:9,2
DA:16,3
DA:24,2
DA:25,0
LF:5
LH:4
BRDA:12,0,0,1
BRDA:12,0,1,1
BRF:2
BRH:2
end_of_record
TN:
SF:C:\works\ReactJS--tutorial-app\src\component\ExpenseListFilters.js
FN:10,(anonymous_0)
FN:14,(anonymous_1)
FN:15,(anonymous_2)
FN:18,(anonymous_3)
FN:22,(anonymous_4)
FN:30,(anonymous_5)
FN:53,(anonymous_6)
FN:60,(anonymous_7)
FN:64,(anonymous_8)
FN:65,(anonymous_9)
FN:66,(anonymous_10)
FN:67,(anonymous_11)
FN:68,(anonymous_12)
FN:69,(anonymous_13)
FNF:14
FNH:6
FNDA:1,(anonymous_0)
FNDA:1,(anonymous_1)
FNDA:1,(anonymous_2)
FNDA:1,(anonymous_3)
FNDA:2,(anonymous_4)
FNDA:10,(anonymous_5)
FNDA:0,(anonymous_6)
FNDA:0,(anonymous_7)
FNDA:0,(anonymous_8)
FNDA:0,(anonymous_9)
FNDA:0,(anonymous_10)
FNDA:0,(anonymous_11)
FNDA:0,(anonymous_12)
FNDA:0,(anonymous_13)
DA:11,1
DA:12,1
DA:15,1
DA:19,1
DA:23,2
DA:24,1
DA:25,1
DA:26,1
DA:31,10
DA:53,0
DA:60,2
DA:64,2
DA:65,0
DA:66,0
DA:67,0
DA:68,0
DA:69,0
LF:17
LH:11
BRDA:23,0,0,1
BRDA:23,0,1,1
BRDA:25,1,0,1
BRDA:25,1,1,0
BRF:4
BRH:3
end_of_record
TN:
SF:C:\works\ReactJS--tutorial-app\src\component\ExpenseListItem.js
FN:4,(anonymous_0)
FNF:1
FNH:1
FNDA:1,(anonymous_0)
DA:4,3
DA:5,1
LF:2
LH:2
BRF:0
BRH:0
end_of_record
TN:
SF:C:\works\ReactJS--tutorial-app\src\component\Header.js
FN:4,(anonymous_0)
FNF:1
FNH:1
FNDA:1,(anonymous_0)
DA:4,1
DA:5,1
LF:2
LH:2
BRF:0
BRH:0
end_of_record
TN:
SF:C:\works\ReactJS--tutorial-app\src\component\NotFoundPage.js
FN:4,(anonymous_0)
FNF:1
FNH:1
FNDA:1,(anonymous_0)
DA:4,1
DA:5,1
LF:2
LH:2
BRF:0
BRH:0
end_of_record
TN:
SF:C:\works\ReactJS--tutorial-app\src\reducers\expenses.js
FN:3,(anonymous_0)
FN:11,(anonymous_1)
FN:13,(anonymous_2)
FNF:3
FNH:3
FNDA:6,(anonymous_0)
FNDA:6,(anonymous_1)
FNDA:6,(anonymous_2)
DA:1,1
DA:4,6
DA:6,1
DA:11,6
DA:13,2
DA:14,6
DA:15,1
DA:20,5
DA:24,1
LF:9
LH:9
BRDA:3,0,0,1
BRDA:4,1,0,1
BRDA:4,1,1,2
BRDA:4,1,2,2
BRDA:4,1,3,1
BRDA:14,2,0,1
BRDA:14,2,1,5
BRF:7
BRH:7
end_of_record
TN:
SF:C:\works\ReactJS--tutorial-app\src\reducers\filters.js
FN:10,(anonymous_0)
FNF:1
FNH:1
FNDA:6,(anonymous_0)
DA:3,1
DA:11,6
DA:13,1
DA:18,1
DA:23,1
DA:28,1
DA:33,1
DA:38,1
LF:8
LH:8
BRDA:10,0,0,5
BRDA:11,1,0,1
BRDA:11,1,1,1
BRDA:11,1,2,1
BRDA:11,1,3,1
BRDA:11,1,4,1
BRDA:11,1,5,1
BRF:7
BRH:7
end_of_record
TN:
SF:C:\works\ReactJS--tutorial-app\src\selectors\expenses.js
FN:3,(anonymous_0)
FN:4,(anonymous_1)
FN:11,(anonymous_2)
FNF:3
FNH:3
FNDA:5,(anonymous_0)
FNDA:15,(anonymous_1)
FNDA:9,(anonymous_2)
DA:4,5
DA:5,15
DA:6,15
DA:7,15
DA:8,15
DA:10,15
DA:12,9
DA:13,6
DA:14,3
DA:15,3
LF:10
LH:10
BRDA:6,0,0,3
BRDA:6,0,1,12
BRDA:7,1,0,3
BRDA:7,1,1,12
BRDA:10,2,0,15
BRDA:10,2,1,14
BRDA:10,2,2,13
BRDA:12,3,0,6
BRDA:12,3,1,3
BRDA:13,4,0,4
BRDA:13,4,1,2
BRDA:14,5,0,3
BRDA:14,5,1,0
BRDA:15,6,0,2
BRDA:15,6,1,1
BRF:15
BRH:14
end_of_record
TN:
SF:C:\works\ReactJS--tutorial-app\src\tests\setupTests.js
FNF:0
FNH:0
DA:8,15
LF:1
LH:1
BRF:0
BRH:0
end_of_record
TN:
SF:C:\works\ReactJS--tutorial-app\src\tests\fixtures\expenses.js
FNF:0
FNH:0
LF:0
LH:0
BRF:0
BRH:0
end_of_record
TN:
SF:C:\works\ReactJS--tutorial-app\src\tests\fixtures\filters.js
FNF:0
FNH:0
DA:3,1
DA:10,1
LF:2
LH:2
BRF:0
BRH:0
end_of_record
